-------------------------------------------------------------------------------
Test set: com.test.BalanceTest
-------------------------------------------------------------------------------
Tests run: 2, Failures: 2, Errors: 0, Skipped: 0, Time elapsed: 0.02 sec <<< FAILURE!
com.test.BalanceTest.test3()  Time elapsed: 0.019 sec  <<< FAILURE!
java.lang.NoClassDefFoundError: org/junit/Assert
	at com.test.BalanceTest.test3(BalanceTest.java:29)
Caused by: java.lang.ClassNotFoundException: org.junit.Assert
	at java.net.URLClassLoader.findClass(Unknown Source)
	at java.lang.ClassLoader.loadClass(Unknown Source)
	at sun.misc.Launcher$AppClassLoader.loadClass(Unknown Source)
	at java.lang.ClassLoader.loadClass(Unknown Source)
	... 19 more

com.test.BalanceTest.test2()  Time elapsed: 0 sec  <<< FAILURE!
java.lang.NoClassDefFoundError: org/junit/Assert
	at com.test.BalanceTest.test2(BalanceTest.java:22)

